00:00
00:01
00:02
00:03
00:04
00:05
00:06
00:07
00:08
00:09
00:10
00:11
00:12
00:13
00:14
00:15
00:16
00:17
00:18
00:19
00:20
00:21
00:22
00:23
00:24
00:25
00:26
00:27
00:28
00:29
00:30
00:31
00:32
00:33
00:34
00:35
00:36
00:37
00:38
00:39
00:40
00:41
00:42
00:42Train number: 50 has been assembled at station  Dunedin
00:43
00:44
00:44Train number: 17 has been assembled at station  Liege-Guillemins
00:44Train number: 115 has been assembled at station  Hauptbahnhof
00:45
00:46
00:46Train number: 1 has been assembled at station  GrandCentral
00:46Train number: 34 has been assembled at station  ST.Pancras
00:47
00:47Train number: 99 has been assembled at station  Shinjuku
00:48
00:49
00:50
00:51
00:51Train number: 67 has been assembled at station  MilanoCentrale
00:52
00:52Train number: 50 is ready for departure at station Dunedin
00:53
00:54
00:54Train number: 17 is ready for departure at station Liege-Guillemins
00:54Train number: 115 is ready for departure at station Hauptbahnhof
00:55
00:56
00:56Train number: 1 is ready for departure at station GrandCentral
00:56Train number: 34 is ready for departure at station ST.Pancras
00:57
00:57Train number: 99 is ready for departure at station Shinjuku
00:58
00:59
01:00
01:12Train number: 50 just departed from station Dunedin
01:14Train number: 17 just departed from station Liege-Guillemins
01:14Train number: 115 just departed from station Hauptbahnhof
01:16Train number: 1 just departed from station GrandCentral
01:16Train number: 34 just departed from station ST.Pancras
01:17Train number: 99 just departed from station Shinjuku
01:57Train number 99 just arrived at station GrandCentral
02:05Train number 50 just arrived at station GrandCentral
02:17Train number 99 has returned its vehicle at station GrandCentral
02:17Train number 115 just arrived at station GrandCentral
02:25Train number 50 has returned its vehicle at station GrandCentral
02:30Train number 34 just arrived at station GrandCentral
02:37Train number 17 just arrived at station GrandCentral
02:37Train number 115 has returned its vehicle at station GrandCentral
02:46Train number 1 just arrived at station Liege-Guillemins
02:50Train number 34 has returned its vehicle at station GrandCentral
02:57Train number 17 has returned its vehicle at station GrandCentral
03:06Train number 1 has returned its vehicle at station Liege-Guillemins
00:00
00:01
00:02
00:03
00:04
00:05
00:06
00:07
00:08
00:09
00:10
00:11
00:12
00:13
00:14
00:15
00:16
00:17
00:18
00:19
00:20
00:21
00:22
00:23
00:24
00:25
00:26
00:27
00:28
00:29
00:30
00:31
00:32
00:33
00:34
00:35
00:36
00:37
00:38
00:39
00:40
00:41
00:42
00:42Train number: 50 has been assembled at station  Dunedin
00:43
00:44
00:44Train number: 17 has been assembled at station  Liege-Guillemins
00:44Train number: 115 has been assembled at station  Hauptbahnhof
00:45
00:46
00:46Train number: 1 has been assembled at station  GrandCentral
00:46Train number: 34 has been assembled at station  ST.Pancras
00:47
00:47Train number: 99 has been assembled at station  Shinjuku
00:48
00:49
00:50
00:51
00:51Train number: 67 has been assembled at station  MilanoCentrale
00:52
00:52Train number: 50 is ready for departure at station Dunedin
00:53
00:54
00:54Train number: 17 is ready for departure at station Liege-Guillemins
00:54Train number: 115 is ready for departure at station Hauptbahnhof
00:55
00:56
00:56Train number: 1 is ready for departure at station GrandCentral
00:56Train number: 34 is ready for departure at station ST.Pancras
00:57
00:57Train number: 99 is ready for departure at station Shinjuku
00:58
00:59
01:00
01:00Train number: 83 has been assembled at station  Luz
01:01
01:01Train number: 67 is ready for departure at station MilanoCentrale
01:02
01:03
01:04
01:05
01:06
01:07
01:08
01:09
01:10
01:10Train number: 83 is ready for departure at station Luz
01:11
01:12
01:12Train number: 50 just departed from station Dunedin
01:13
01:14
01:14Train number: 17 just departed from station Liege-Guillemins
01:14Train number: 115 just departed from station Hauptbahnhof
01:15
01:16
01:16Train number: 1 just departed from station GrandCentral
01:16Train number: 34 just departed from station ST.Pancras
01:17
01:17Train number: 99 just departed from station Shinjuku
01:18
01:19
01:20
01:21
01:21Train number: 67 just departed from station MilanoCentrale
01:22
01:23
01:24
01:25
01:26
01:27
01:28
01:29
01:30
01:30Train number: 83 just departed from station Luz
01:31
01:32
01:33
01:34
01:35
01:36
01:37
01:38
01:39
01:40
01:41
01:42
01:43
01:44
01:45
01:46
01:47
01:48
01:48Train number 67 just arrived at station GrandCentral
01:49
01:50
01:51
01:52
01:53
01:54
01:54Train number: 18 has been assembled at station  Liege-Guillemins
01:55
01:55Train number: 116 has been assembled at station  Hauptbahnhof
01:56
01:57
01:57Train number: 51 has been assembled at station  Dunedin
01:57Train number 99 just arrived at station GrandCentral
01:58
01:59
02:00
02:01
02:02
02:02Train number: 68 has been assembled at station  MilanoCentrale
02:03
02:03Train number: 2 has been assembled at station  GrandCentral
02:04
02:04Train number: 18 is ready for departure at station Liege-Guillemins
02:05
02:05Train number 50 just arrived at station GrandCentral
02:05Train number: 116 is ready for departure at station Hauptbahnhof
02:06
02:07
02:07Train number: 51 is ready for departure at station Dunedin
02:08
02:08Train number 67 has returned its vehicle at station GrandCentral
02:09
02:10
02:11
02:12
02:12Train number: 68 is ready for departure at station MilanoCentrale
02:13
02:13Train number: 2 is ready for departure at station GrandCentral
02:14
02:15
02:15Train number: 35 has been assembled at station  ST.Pancras
02:16
02:17
02:17Train number: 100 has been assembled at station  Shinjuku
02:17Train number 115 just arrived at station GrandCentral
02:17Train number 99 has returned its vehicle at station GrandCentral
02:18
02:19
02:20
02:21
02:22
02:23
02:24
02:24Train number: 18 just departed from station Liege-Guillemins
02:25
02:25Train number: 116 just departed from station Hauptbahnhof
02:25Train number 50 has returned its vehicle at station GrandCentral
02:25Train number: 35 is ready for departure at station ST.Pancras
02:26
02:27
02:27Train number: 51 just departed from station Dunedin
02:27Train number: 100 is ready for departure at station Shinjuku
02:28
02:29
02:29Train number: 84 has been assembled at station  Luz
02:30
02:30Train number 34 just arrived at station GrandCentral
02:31
02:32
02:32Train number: 68 just departed from station MilanoCentrale
02:33
02:33Train number: 2 just departed from station GrandCentral
02:34
02:35
02:36
02:37
02:37Train number 17 just arrived at station GrandCentral
02:37Train number 115 has returned its vehicle at station GrandCentral
02:38
02:39
02:39Train number: 84 is ready for departure at station Luz
02:40
02:41
02:42
02:43
02:44
02:45
02:45Train number: 35 just departed from station ST.Pancras
02:46
02:46Train number 1 just arrived at station Liege-Guillemins
02:47
02:47Train number: 100 just departed from station Shinjuku
02:48
02:49
02:50
02:50Train number 34 has returned its vehicle at station GrandCentral
02:51
02:52
02:53
02:54
02:55
02:56
02:56Train number 83 just arrived at station GrandCentral
02:57
02:57Train number 17 has returned its vehicle at station GrandCentral
02:58
02:59
02:59Train number: 84 just departed from station Luz
03:00
03:00Train number 51 just arrived at station Liege-Guillemins
03:06Train number 1 has returned its vehicle at station Liege-Guillemins
03:13Train number 84 just arrived at station Liege-Guillemins
03:16Train number 83 has returned its vehicle at station GrandCentral
03:17Train number 116 just arrived at station Liege-Guillemins
03:20Train number 51 has returned its vehicle at station Liege-Guillemins
03:33Train number 84 has returned its vehicle at station Liege-Guillemins
03:36Train number 18 just arrived at station ST.Pancras
03:37Train number 116 has returned its vehicle at station Liege-Guillemins
03:40Train number 100 just arrived at station Liege-Guillemins
03:46Train number 68 just arrived at station Liege-Guillemins
03:51Train number 2 just arrived at station ST.Pancras
03:56Train number 18 has returned its vehicle at station ST.Pancras
03:59Train number 35 just arrived at station Liege-Guillemins
04:00Train number 100 has returned its vehicle at station Liege-Guillemins
04:06Train number 68 has returned its vehicle at station Liege-Guillemins
00:00
00:01
00:02
00:03
00:04
00:05
00:06
00:07
00:08
00:09
00:10
00:11
00:12
00:13
00:14
00:15
00:16
00:17
00:18
00:19
00:20
00:21
00:22
00:23
00:24
00:25
00:26
00:27
00:28
00:29
00:30
00:31
00:32
00:33
00:34
00:35
00:36
00:37
00:38
00:39
00:40
00:41
00:42
00:42Train number: 50 has been assembled at station  Dunedin
00:43
00:44
00:44Train number: 17 has been assembled at station  Liege-Guillemins
00:44Train number: 115 has been assembled at station  Hauptbahnhof
00:45
00:46
00:46Train number: 1 has been assembled at station  GrandCentral
00:46Train number: 34 has been assembled at station  ST.Pancras
00:47
00:47Train number: 99 has been assembled at station  Shinjuku
00:48
00:49
00:50
00:51
00:51Train number: 67 has been assembled at station  MilanoCentrale
00:52
00:52Train number: 50 is ready for departure at station Dunedin
00:53
00:54
00:54Train number: 17 is ready for departure at station Liege-Guillemins
00:54Train number: 115 is ready for departure at station Hauptbahnhof
00:55
00:56
00:56Train number: 1 is ready for departure at station GrandCentral
00:56Train number: 34 is ready for departure at station ST.Pancras
00:57
00:57Train number: 99 is ready for departure at station Shinjuku
00:58
00:59
01:00
01:00Train number: 83 has been assembled at station  Luz
01:01
01:01Train number: 67 is ready for departure at station MilanoCentrale
01:02
01:03
01:04
01:05
01:06
01:07
01:08
01:09
01:10
01:10Train number: 83 is ready for departure at station Luz
01:11
01:12
01:12Train number: 50 just departed from station Dunedin
01:13
01:14
01:14Train number: 17 just departed from station Liege-Guillemins
01:14Train number: 115 just departed from station Hauptbahnhof
01:15
01:16
01:16Train number: 1 just departed from station GrandCentral
01:16Train number: 34 just departed from station ST.Pancras
01:17
01:17Train number: 99 just departed from station Shinjuku
01:18
01:19
01:20
01:21
01:21Train number: 67 just departed from station MilanoCentrale
01:22
01:23
01:24
01:25
01:26
01:27
01:28
01:29
01:30
01:30Train number: 83 just departed from station Luz
01:31
01:32
01:33
01:34
01:35
01:36
01:37
01:38
01:39
01:40
01:41
01:42
01:43
01:44
01:45
01:46
01:47
01:48
01:48Train number 67 just arrived at station GrandCentral
01:49
01:50
01:51
01:52
01:53
01:54
01:54Train number: 18 has been assembled at station  Liege-Guillemins
01:55
01:55Train number: 116 has been assembled at station  Hauptbahnhof
01:56
01:57
01:57Train number: 51 has been assembled at station  Dunedin
01:57Train number 99 just arrived at station GrandCentral
01:58
01:59
02:00
00:00
00:01
00:02
00:03
00:04
00:05
00:06
00:07
00:08
00:09
00:10
00:11
00:12
00:13
00:14
00:15
00:16
00:17
00:18
00:19
00:20
00:21
00:22
00:23
00:24
00:25
00:26
00:27
00:28
00:29
00:30
00:31
00:32
00:33
00:34
00:35
00:36
00:37
00:38
00:39
00:40
00:41
00:42
00:42Train number: 50 has been assembled at station  Dunedin
00:43
00:44
00:44Train number: 17 has been assembled at station  Liege-Guillemins
00:44Train number: 115 has been assembled at station  Hauptbahnhof
00:45
00:46
00:46Train number: 1 has been assembled at station  GrandCentral
00:46Train number: 34 has been assembled at station  ST.Pancras
00:47
00:47Train number: 99 has been assembled at station  Shinjuku
00:48
00:49
00:50
00:51
00:51Train number: 67 has been assembled at station  MilanoCentrale
00:52
00:52Train number: 50 is ready for departure at station Dunedin
00:53
00:54
00:54Train number: 17 is ready for departure at station Liege-Guillemins
00:54Train number: 115 is ready for departure at station Hauptbahnhof
00:55
00:56
00:56Train number: 1 is ready for departure at station GrandCentral
00:56Train number: 34 is ready for departure at station ST.Pancras
00:57
00:57Train number: 99 is ready for departure at station Shinjuku
00:58
00:59
01:00
01:00Train number: 83 has been assembled at station  Luz
01:01
01:01Train number: 67 is ready for departure at station MilanoCentrale
01:02
01:03
01:04
01:05
01:06
01:07
01:08
01:09
01:10
01:10Train number: 83 is ready for departure at station Luz
01:11
01:12
01:12Train number: 50 just departed from station Dunedin
01:13
01:14
01:14Train number: 17 just departed from station Liege-Guillemins
01:14Train number: 115 just departed from station Hauptbahnhof
01:15
01:16
01:16Train number: 1 just departed from station GrandCentral
01:16Train number: 34 just departed from station ST.Pancras
01:17
01:17Train number: 99 just departed from station Shinjuku
01:18
01:19
01:20
01:21
01:21Train number: 67 just departed from station MilanoCentrale
01:22
01:23
01:24
01:25
01:26
01:27
01:28
01:29
01:30
01:30Train number: 83 just departed from station Luz
01:31
01:32
01:33
01:34
01:35
01:36
01:37
01:38
01:39
01:40
01:41
01:42
01:43
01:44
01:45
01:46
01:47
01:48
01:48Train number 67 just arrived at station GrandCentral
01:49
01:50
01:51
01:52
01:53
01:54
01:54Train number: 18 has been assembled at station  Liege-Guillemins
01:55
01:55Train number: 116 has been assembled at station  Hauptbahnhof
01:56
01:57
01:57Train number: 51 has been assembled at station  Dunedin
01:57Train number 99 just arrived at station GrandCentral
01:58
01:59
02:00
00:00
00:01
00:02
00:03
00:04
00:05
00:06
00:07
00:08
00:09
00:10
00:11
00:12
00:13
00:14
00:15
00:16
00:17
00:18
00:19
00:20
00:21
00:22
00:23
00:24
00:25
00:26
00:27
00:28
00:29
00:30
00:31
00:32
00:33
00:34
00:35
00:36
00:37
00:38
00:39
00:40
00:41
00:42
00:42Train number: 50 has been assembled at station  Dunedin
00:43
00:44
00:44Train number: 17 has been assembled at station  Liege-Guillemins
00:44Train number: 115 has been assembled at station  Hauptbahnhof
00:45
00:46
00:46Train number: 1 has been assembled at station  GrandCentral
00:46Train number: 34 has been assembled at station  ST.Pancras
00:47
00:47Train number: 99 has been assembled at station  Shinjuku
00:48
00:49
00:50
00:51
00:51Train number: 67 has been assembled at station  MilanoCentrale
00:52
00:52Train number: 50 is ready for departure at station Dunedin
00:53
00:54
00:54Train number: 17 is ready for departure at station Liege-Guillemins
00:54Train number: 115 is ready for departure at station Hauptbahnhof
00:55
00:56
00:56Train number: 1 is ready for departure at station GrandCentral
00:56Train number: 34 is ready for departure at station ST.Pancras
00:57
00:57Train number: 99 is ready for departure at station Shinjuku
00:58
00:59
01:00
01:00Train number: 83 has been assembled at station  Luz
01:01
01:01Train number: 67 is ready for departure at station MilanoCentrale
01:02
01:03
01:04
01:05
01:06
01:07
01:08
01:09
01:10
01:10Train number: 83 is ready for departure at station Luz
01:11
01:12
01:12Train number: 50 just departed from station Dunedin
01:13
01:14
01:14Train number: 17 just departed from station Liege-Guillemins
01:14Train number: 115 just departed from station Hauptbahnhof
01:15
01:16
01:16Train number: 1 just departed from station GrandCentral
01:16Train number: 34 just departed from station ST.Pancras
01:17
01:17Train number: 99 just departed from station Shinjuku
01:18
01:19
01:20
01:21
01:21Train number: 67 just departed from station MilanoCentrale
01:22
01:23
01:24
01:25
01:26
01:27
01:28
01:29
01:30
01:30Train number: 83 just departed from station Luz
01:31
01:32
01:33
01:34
01:35
01:36
01:37
01:38
01:39
01:40
01:41
01:42
01:43
01:44
01:45
01:46
01:47
01:48
01:48Train number 67 just arrived at station GrandCentral
01:49
01:50
01:51
01:52
01:53
01:54
01:54Train number: 18 has been assembled at station  Liege-Guillemins
01:55
01:55Train number: 116 has been assembled at station  Hauptbahnhof
01:56
01:57
01:57Train number: 51 has been assembled at station  Dunedin
01:57Train number 99 just arrived at station GrandCentral
01:58
01:59
02:00
00:00
00:01
00:02
00:03
00:04
00:05
00:06
00:07
00:08
00:09
00:10
00:11
00:12
00:13
00:14
00:15
00:16
00:17
00:18
00:19
00:20
00:21
00:22
00:23
00:24
00:25
00:26
00:27
00:28
00:29
00:30
00:31
00:32
00:33
00:34
00:35
00:36
00:37
00:38
00:39
00:40
00:41
00:42
00:42Train number: 50 has been assembled at station  Dunedin
00:43
00:44
00:44Train number: 17 has been assembled at station  Liege-Guillemins
00:44Train number: 115 has been assembled at station  Hauptbahnhof
00:45
00:46
00:46Train number: 1 has been assembled at station  GrandCentral
00:46Train number: 34 has been assembled at station  ST.Pancras
00:47
00:47Train number: 99 has been assembled at station  Shinjuku
00:48
00:49
00:50
00:51
00:51Train number: 67 has been assembled at station  MilanoCentrale
00:52
00:52Train number: 50 is ready for departure at station Dunedin
00:53
00:54
00:54Train number: 17 is ready for departure at station Liege-Guillemins
00:54Train number: 115 is ready for departure at station Hauptbahnhof
00:55
00:56
00:56Train number: 1 is ready for departure at station GrandCentral
00:56Train number: 34 is ready for departure at station ST.Pancras
00:57
00:57Train number: 99 is ready for departure at station Shinjuku
00:58
00:59
01:00
01:00Train number: 83 has been assembled at station  Luz
01:01
01:01Train number: 67 is ready for departure at station MilanoCentrale
01:02
01:03
01:04
01:05
01:06
01:07
01:08
01:09
01:10
01:10Train number: 83 is ready for departure at station Luz
01:11
01:12
01:12Train number: 50 just departed from station Dunedin
01:13
01:14
01:14Train number: 17 just departed from station Liege-Guillemins
01:14Train number: 115 just departed from station Hauptbahnhof
01:15
01:16
01:16Train number: 1 just departed from station GrandCentral
01:16Train number: 34 just departed from station ST.Pancras
01:17
01:17Train number: 99 just departed from station Shinjuku
01:18
01:19
01:20
01:21
01:21Train number: 67 just departed from station MilanoCentrale
01:22
01:23
01:24
01:25
01:26
01:27
01:28
01:29
01:30
01:30Train number: 83 just departed from station Luz
01:31
01:32
01:33
01:34
01:35
01:36
01:37
01:38
01:39
01:40
01:41
01:42
01:43
01:44
01:45
01:46
01:47
01:48
01:48Train number 67 just arrived at station GrandCentral
01:49
01:50
01:51
01:52
01:53
01:54
01:54Train number: 18 has been assembled at station  Liege-Guillemins
01:55
01:55Train number: 116 has been assembled at station  Hauptbahnhof
01:56
01:57
01:57Train number: 51 has been assembled at station  Dunedin
01:57Train number 99 just arrived at station GrandCentral
01:58
01:59
02:00
00:00
00:01
00:02
00:03
00:04
00:05
00:06
00:07
00:08
00:09
00:10
00:11
00:12
00:13
00:14
00:15
00:16
00:17
00:18
00:19
00:20
00:21
00:22
00:23
00:24
00:25
00:26
00:27
00:28
00:29
00:30
00:31
00:32
00:33
00:34
00:35
00:36
00:37
00:38
00:39
00:40
00:41
00:42
00:42Train number: 50 has been assembled at station  Dunedin
00:43
00:44
00:44Train number: 17 has been assembled at station  Liege-Guillemins
00:44Train number: 115 has been assembled at station  Hauptbahnhof
00:45
00:46
00:46Train number: 1 has been assembled at station  GrandCentral
00:46Train number: 34 has been assembled at station  ST.Pancras
00:47
00:47Train number: 99 has been assembled at station  Shinjuku
00:48
00:49
00:50
00:51
00:51Train number: 67 has been assembled at station  MilanoCentrale
00:52
00:52Train number: 50 is ready for departure at station Dunedin
00:53
00:54
00:54Train number: 17 is ready for departure at station Liege-Guillemins
00:54Train number: 115 is ready for departure at station Hauptbahnhof
00:55
00:56
00:56Train number: 1 is ready for departure at station GrandCentral
00:56Train number: 34 is ready for departure at station ST.Pancras
00:57
00:57Train number: 99 is ready for departure at station Shinjuku
00:58
00:59
01:00
01:00Train number: 83 has been assembled at station  Luz
01:01
01:01Train number: 67 is ready for departure at station MilanoCentrale
01:02
01:03
01:04
01:05
01:06
01:07
01:08
01:09
01:10
01:10Train number: 83 is ready for departure at station Luz
01:11
01:12
01:12Train number: 50 just departed from station Dunedin
01:13
01:14
01:14Train number: 17 just departed from station Liege-Guillemins
01:14Train number: 115 just departed from station Hauptbahnhof
01:15
01:16
01:16Train number: 1 just departed from station GrandCentral
01:16Train number: 34 just departed from station ST.Pancras
01:17
01:17Train number: 99 just departed from station Shinjuku
01:18
01:19
01:20
01:21
01:21Train number: 67 just departed from station MilanoCentrale
01:22
01:23
01:24
01:25
01:26
01:27
01:28
01:29
01:30
01:30Train number: 83 just departed from station Luz
01:31
01:32
01:33
01:34
01:35
01:36
01:37
01:38
01:39
01:40
01:41
01:42
01:43
01:44
01:45
01:46
01:47
01:48
01:48Train number 67 just arrived at station GrandCentral
01:49
01:50
01:51
01:52
01:53
01:54
01:54Train number: 18 has been assembled at station  Liege-Guillemins
01:55
01:55Train number: 116 has been assembled at station  Hauptbahnhof
01:56
01:57
01:57Train number: 51 has been assembled at station  Dunedin
01:57Train number 99 just arrived at station GrandCentral
01:58
01:59
02:00
00:00
00:01
00:02
00:03
00:04
00:05
00:06
00:07
00:08
00:09
00:10
00:11
00:12
00:13
00:14
00:15
00:16
00:17
00:18
00:19
00:20
00:21
00:22
00:23
00:24
00:25
00:26
00:27
00:28
00:29
00:30
00:31
00:32
00:33
00:34
00:35
00:36
00:37
00:38
00:39
00:40
00:41
00:42
00:42Train number: 50 has been assembled at station  Dunedin
00:43
00:44
00:44Train number: 17 has been assembled at station  Liege-Guillemins
00:44Train number: 115 has been assembled at station  Hauptbahnhof
00:45
00:46
00:46Train number: 1 has been assembled at station  GrandCentral
00:46Train number: 34 has been assembled at station  ST.Pancras
00:47
00:47Train number: 99 has been assembled at station  Shinjuku
00:48
00:49
00:50
00:51
00:51Train number: 67 has been assembled at station  MilanoCentrale
00:52
00:52Train number: 50 is ready for departure at station Dunedin
00:53
00:54
00:54Train number: 17 is ready for departure at station Liege-Guillemins
00:54Train number: 115 is ready for departure at station Hauptbahnhof
00:55
00:56
00:56Train number: 1 is ready for departure at station GrandCentral
00:56Train number: 34 is ready for departure at station ST.Pancras
00:57
00:57Train number: 99 is ready for departure at station Shinjuku
00:58
00:59
01:00
01:00Train number: 83 has been assembled at station  Luz
01:01
01:01Train number: 67 is ready for departure at station MilanoCentrale
01:02
01:03
01:04
01:05
01:06
01:07
01:08
01:09
01:10
01:10Train number: 83 is ready for departure at station Luz
01:11
01:12
01:12Train number: 50 just departed from station Dunedin
01:13
01:14
01:14Train number: 17 just departed from station Liege-Guillemins
01:14Train number: 115 just departed from station Hauptbahnhof
01:15
01:16
01:16Train number: 1 just departed from station GrandCentral
01:16Train number: 34 just departed from station ST.Pancras
01:17
01:17Train number: 99 just departed from station Shinjuku
01:18
01:19
01:20
01:21
01:21Train number: 67 just departed from station MilanoCentrale
01:22
01:23
01:24
01:25
01:26
01:27
01:28
01:29
01:30
01:30Train number: 83 just departed from station Luz
01:31
01:32
01:33
01:34
01:35
01:36
01:37
01:38
01:39
01:40
01:41
01:42
01:43
01:44
01:45
01:46
01:47
01:48
01:48Train number 67 just arrived at station GrandCentral
01:49
01:50
01:51
01:52
01:53
01:54
01:54Train number: 18 has been assembled at station  Liege-Guillemins
01:55
01:55Train number: 116 has been assembled at station  Hauptbahnhof
01:56
01:57
01:57Train number: 51 has been assembled at station  Dunedin
01:57Train number 99 just arrived at station GrandCentral
01:58
01:59
02:00
00:00
00:01
00:02
00:03
00:04
00:05
00:06
00:07
00:08
00:09
00:10
00:11
00:12
00:13
00:14
00:15
00:16
00:17
00:18
00:19
00:20
00:21
00:22
00:23
00:24
00:25
00:26
00:27
00:28
00:29
00:30
00:31
00:32
00:33
00:34
00:35
00:36
00:37
00:38
00:39
00:40
00:41
00:42
00:42Train number: 50 has been assembled at station  Dunedin
00:43
00:44
00:44Train number: 17 has been assembled at station  Liege-Guillemins
00:44Train number: 115 has been assembled at station  Hauptbahnhof
00:45
00:46
00:46Train number: 1 has been assembled at station  GrandCentral
00:46Train number: 34 has been assembled at station  ST.Pancras
00:47
00:47Train number: 99 has been assembled at station  Shinjuku
00:48
00:49
00:50
00:51
00:51Train number: 67 has been assembled at station  MilanoCentrale
00:52
00:52Train number: 50 is ready for departure at station Dunedin
00:53
00:54
00:54Train number: 17 is ready for departure at station Liege-Guillemins
00:54Train number: 115 is ready for departure at station Hauptbahnhof
00:55
00:56
00:56Train number: 1 is ready for departure at station GrandCentral
00:56Train number: 34 is ready for departure at station ST.Pancras
00:57
00:57Train number: 99 is ready for departure at station Shinjuku
00:58
00:59
01:00
01:00Train number: 83 has been assembled at station  Luz
01:01
01:01Train number: 67 is ready for departure at station MilanoCentrale
01:02
01:03
01:04
01:05
01:06
01:07
01:08
01:09
01:10
01:10Train number: 83 is ready for departure at station Luz
01:11
01:12
01:12Train number: 50 just departed from station Dunedin
01:13
01:14
01:14Train number: 17 just departed from station Liege-Guillemins
01:14Train number: 115 just departed from station Hauptbahnhof
01:15
01:16
01:16Train number: 1 just departed from station GrandCentral
01:16Train number: 34 just departed from station ST.Pancras
01:17
01:17Train number: 99 just departed from station Shinjuku
01:18
01:19
01:20
01:21
01:21Train number: 67 just departed from station MilanoCentrale
01:22
01:23
01:24
01:25
01:26
01:27
01:28
01:29
01:30
01:30Train number: 83 just departed from station Luz
01:31
01:32
01:33
01:34
01:35
01:36
01:37
01:38
01:39
01:40
01:41
01:42
01:43
01:44
01:45
01:46
01:47
01:48
01:48Train number 67 just arrived at station GrandCentral
01:49
01:50
01:51
01:52
01:53
01:54
01:54Train number: 18 has been assembled at station  Liege-Guillemins
01:55
01:55Train number: 116 has been assembled at station  Hauptbahnhof
01:56
01:57
01:57Train number: 51 has been assembled at station  Dunedin
01:57Train number 99 just arrived at station GrandCentral
01:58
01:59
02:00
02:01
02:02
02:02Train number: 68 has been assembled at station  MilanoCentrale
02:03
02:03Train number: 2 has been assembled at station  GrandCentral
02:04
02:04Train number: 18 is ready for departure at station Liege-Guillemins
02:05
02:05Train number 50 just arrived at station GrandCentral
02:05Train number: 116 is ready for departure at station Hauptbahnhof
02:06
02:07
02:07Train number: 51 is ready for departure at station Dunedin
02:08
02:08Train number 67 has returned its vehicle at station GrandCentral
02:09
02:10
02:11
02:12
02:12Train number: 68 is ready for departure at station MilanoCentrale
02:13
02:13Train number: 2 is ready for departure at station GrandCentral
02:14
02:15
02:15Train number: 35 has been assembled at station  ST.Pancras
02:16
02:17
02:17Train number: 100 has been assembled at station  Shinjuku
02:17Train number 115 just arrived at station GrandCentral
02:17Train number 99 has returned its vehicle at station GrandCentral
02:18
02:19
02:20
02:21
02:22
02:23
02:24
02:24Train number: 18 just departed from station Liege-Guillemins
02:25
02:25Train number: 116 just departed from station Hauptbahnhof
02:25Train number 50 has returned its vehicle at station GrandCentral
02:25Train number: 35 is ready for departure at station ST.Pancras
02:26
02:27
02:27Train number: 51 just departed from station Dunedin
02:27Train number: 100 is ready for departure at station Shinjuku
02:28
02:29
02:29Train number: 84 has been assembled at station  Luz
02:30
02:30Train number 34 just arrived at station GrandCentral
02:31
02:32
02:32Train number: 68 just departed from station MilanoCentrale
02:33
02:33Train number: 2 just departed from station GrandCentral
02:34
02:35
02:36
02:37
02:37Train number 17 just arrived at station GrandCentral
02:37Train number 115 has returned its vehicle at station GrandCentral
02:38
02:39
02:39Train number: 84 is ready for departure at station Luz
02:40
02:41
02:42
02:43
02:44
02:45
02:45Train number: 35 just departed from station ST.Pancras
02:46
02:46Train number 1 just arrived at station Liege-Guillemins
02:47
02:47Train number: 100 just departed from station Shinjuku
02:48
02:49
02:50
02:50Train number 34 has returned its vehicle at station GrandCentral
02:51
02:52
02:53
02:54
02:55
02:56
02:56Train number 83 just arrived at station GrandCentral
02:57
02:57Train number 17 has returned its vehicle at station GrandCentral
02:58
02:59
02:59Train number: 84 just departed from station Luz
03:00
03:00Train number 51 just arrived at station Liege-Guillemins
03:06Train number 1 has returned its vehicle at station Liege-Guillemins
03:13Train number 84 just arrived at station Liege-Guillemins
03:16Train number 83 has returned its vehicle at station GrandCentral
03:17Train number 116 just arrived at station Liege-Guillemins
03:20Train number 51 has returned its vehicle at station Liege-Guillemins
